  AddCaseForm.cpp
C:\Users\ahmoh\OneDrive - Egyptian Ministry of Education\الكلية\3\2\task\C++\Final Project\Ehsan_New\Ehsan\Connection.h(33,34): warning C4566: character represented by universal-character-name '\u062E' cannot be represented in the current code page (1252)
  (compiling source file 'AddCaseForm.cpp')
  
C:\Users\ahmoh\OneDrive - Egyptian Ministry of Education\الكلية\3\2\task\C++\Final Project\Ehsan_New\Ehsan\Connection.h(33,34): warning C4566: character represented by universal-character-name '\u0637' cannot be represented in the current code page (1252)
  (compiling source file 'AddCaseForm.cpp')
  
C:\Users\ahmoh\OneDrive - Egyptian Ministry of Education\الكلية\3\2\task\C++\Final Project\Ehsan_New\Ehsan\Connection.h(33,34): warning C4566: character represented by universal-character-name '\u0623' cannot be represented in the current code page (1252)
  (compiling source file 'AddCaseForm.cpp')
  
C:\Users\ahmoh\OneDrive - Egyptian Ministry of Education\الكلية\3\2\task\C++\Final Project\Ehsan_New\Ehsan\Connection.h(33,34): warning C4566: character represented by universal-character-name '\u0641' cannot be represented in the current code page (1252)
  (compiling source file 'AddCaseForm.cpp')
  
C:\Users\ahmoh\OneDrive - Egyptian Ministry of Education\الكلية\3\2\task\C++\Final Project\Ehsan_New\Ehsan\Connection.h(33,34): warning C4566: character represented by universal-character-name '\u064A' cannot be represented in the current code page (1252)
  (compiling source file 'AddCaseForm.cpp')
  
C:\Users\ahmoh\OneDrive - Egyptian Ministry of Education\الكلية\3\2\task\C++\Final Project\Ehsan_New\Ehsan\Connection.h(33,34): warning C4566: character represented by universal-character-name '\u0627' cannot be represented in the current code page (1252)
  (compiling source file 'AddCaseForm.cpp')
  
C:\Users\ahmoh\OneDrive - Egyptian Ministry of Education\الكلية\3\2\task\C++\Final Project\Ehsan_New\Ehsan\Connection.h(33,34): warning C4566: character represented by universal-character-name '\u0644' cannot be represented in the current code page (1252)
  (compiling source file 'AddCaseForm.cpp')
  
C:\Users\ahmoh\OneDrive - Egyptian Ministry of Education\الكلية\3\2\task\C++\Final Project\Ehsan_New\Ehsan\Connection.h(33,34): warning C4566: character represented by universal-character-name '\u062A' cannot be represented in the current code page (1252)
  (compiling source file 'AddCaseForm.cpp')
  
C:\Users\ahmoh\OneDrive - Egyptian Ministry of Education\الكلية\3\2\task\C++\Final Project\Ehsan_New\Ehsan\Connection.h(33,34): warning C4566: character represented by universal-character-name '\u0635' cannot be represented in the current code page (1252)
  (compiling source file 'AddCaseForm.cpp')
  
C:\Users\ahmoh\OneDrive - Egyptian Ministry of Education\الكلية\3\2\task\C++\Final Project\Ehsan_New\Ehsan\Connection.h(33,34): warning C4566: character represented by universal-character-name '\u0628' cannot be represented in the current code page (1252)
  (compiling source file 'AddCaseForm.cpp')
  
C:\Users\ahmoh\OneDrive - Egyptian Ministry of Education\الكلية\3\2\task\C++\Final Project\Ehsan_New\Ehsan\Connection.h(33,34): warning C4566: character represented by universal-character-name '\u0642' cannot be represented in the current code page (1252)
  (compiling source file 'AddCaseForm.cpp')
  
C:\Users\ahmoh\OneDrive - Egyptian Ministry of Education\الكلية\3\2\task\C++\Final Project\Ehsan_New\Ehsan\Connection.h(33,34): warning C4566: character represented by universal-character-name '\u0639' cannot be represented in the current code page (1252)
  (compiling source file 'AddCaseForm.cpp')
  
C:\Users\ahmoh\OneDrive - Egyptian Ministry of Education\الكلية\3\2\task\C++\Final Project\Ehsan_New\Ehsan\Connection.h(33,34): warning C4566: character represented by universal-character-name '\u062F' cannot be represented in the current code page (1252)
  (compiling source file 'AddCaseForm.cpp')
  
C:\Users\ahmoh\OneDrive - Egyptian Ministry of Education\الكلية\3\2\task\C++\Final Project\Ehsan_New\Ehsan\Connection.h(33,34): warning C4566: character represented by universal-character-name '\u0629' cannot be represented in the current code page (1252)
  (compiling source file 'AddCaseForm.cpp')
  
C:\Users\ahmoh\OneDrive - Egyptian Ministry of Education\الكلية\3\2\task\C++\Final Project\Ehsan_New\Ehsan\Connection.h(33,34): warning C4566: character represented by universal-character-name '\u0646' cannot be represented in the current code page (1252)
  (compiling source file 'AddCaseForm.cpp')
  
C:\Users\ahmoh\OneDrive - Egyptian Ministry of Education\الكلية\3\2\task\C++\Final Project\Ehsan_New\Ehsan\Connection.h(383,30): warning C4566: character represented by universal-character-name '\u062D' cannot be represented in the current code page (1252)
  (compiling source file 'AddCaseForm.cpp')
  
C:\Users\ahmoh\OneDrive - Egyptian Ministry of Education\الكلية\3\2\task\C++\Final Project\Ehsan_New\Ehsan\Connection.h(383,30): warning C4566: character represented by universal-character-name '\u062F' cannot be represented in the current code page (1252)
  (compiling source file 'AddCaseForm.cpp')
  
C:\Users\ahmoh\OneDrive - Egyptian Ministry of Education\الكلية\3\2\task\C++\Final Project\Ehsan_New\Ehsan\Connection.h(383,30): warning C4566: character represented by universal-character-name '\u062B' cannot be represented in the current code page (1252)
  (compiling source file 'AddCaseForm.cpp')
  
C:\Users\ahmoh\OneDrive - Egyptian Ministry of Education\الكلية\3\2\task\C++\Final Project\Ehsan_New\Ehsan\Connection.h(383,30): warning C4566: character represented by universal-character-name '\u062E' cannot be represented in the current code page (1252)
  (compiling source file 'AddCaseForm.cpp')
  
C:\Users\ahmoh\OneDrive - Egyptian Ministry of Education\الكلية\3\2\task\C++\Final Project\Ehsan_New\Ehsan\Connection.h(383,30): warning C4566: character represented by universal-character-name '\u0637' cannot be represented in the current code page (1252)
  (compiling source file 'AddCaseForm.cpp')
  
C:\Users\ahmoh\OneDrive - Egyptian Ministry of Education\الكلية\3\2\task\C++\Final Project\Ehsan_New\Ehsan\Connection.h(383,30): warning C4566: character represented by universal-character-name '\u0623' cannot be represented in the current code page (1252)
  (compiling source file 'AddCaseForm.cpp')
  
C:\Users\ahmoh\OneDrive - Egyptian Ministry of Education\الكلية\3\2\task\C++\Final Project\Ehsan_New\Ehsan\Connection.h(383,30): warning C4566: character represented by universal-character-name '\u0646' cannot be represented in the current code page (1252)
  (compiling source file 'AddCaseForm.cpp')
  
C:\Users\ahmoh\OneDrive - Egyptian Ministry of Education\الكلية\3\2\task\C++\Final Project\Ehsan_New\Ehsan\Connection.h(383,30): warning C4566: character represented by universal-character-name '\u0627' cannot be represented in the current code page (1252)
  (compiling source file 'AddCaseForm.cpp')
  
C:\Users\ahmoh\OneDrive - Egyptian Ministry of Education\الكلية\3\2\task\C++\Final Project\Ehsan_New\Ehsan\Connection.h(383,30): warning C4566: character represented by universal-character-name '\u0621' cannot be represented in the current code page (1252)
  (compiling source file 'AddCaseForm.cpp')
  
C:\Users\ahmoh\OneDrive - Egyptian Ministry of Education\الكلية\3\2\task\C++\Final Project\Ehsan_New\Ehsan\Connection.h(383,30): warning C4566: character represented by universal-character-name '\u062C' cannot be represented in the current code page (1252)
  (compiling source file 'AddCaseForm.cpp')
  
C:\Users\ahmoh\OneDrive - Egyptian Ministry of Education\الكلية\3\2\task\C++\Final Project\Ehsan_New\Ehsan\Connection.h(383,30): warning C4566: character represented by universal-character-name '\u0644' cannot be represented in the current code page (1252)
  (compiling source file 'AddCaseForm.cpp')
  
C:\Users\ahmoh\OneDrive - Egyptian Ministry of Education\الكلية\3\2\task\C++\Final Project\Ehsan_New\Ehsan\Connection.h(383,30): warning C4566: character represented by universal-character-name '\u0628' cannot be represented in the current code page (1252)
  (compiling source file 'AddCaseForm.cpp')
  
C:\Users\ahmoh\OneDrive - Egyptian Ministry of Education\الكلية\3\2\task\C++\Final Project\Ehsan_New\Ehsan\Connection.h(383,30): warning C4566: character represented by universal-character-name '\u0645' cannot be represented in the current code page (1252)
  (compiling source file 'AddCaseForm.cpp')
  
C:\Users\ahmoh\OneDrive - Egyptian Ministry of Education\الكلية\3\2\task\C++\Final Project\Ehsan_New\Ehsan\Connection.h(383,30): warning C4566: character represented by universal-character-name '\u0633' cannot be represented in the current code page (1252)
  (compiling source file 'AddCaseForm.cpp')
  
C:\Users\ahmoh\OneDrive - Egyptian Ministry of Education\الكلية\3\2\task\C++\Final Project\Ehsan_New\Ehsan\Connection.h(383,30): warning C4566: character represented by universal-character-name '\u0639' cannot be represented in the current code page (1252)
  (compiling source file 'AddCaseForm.cpp')
  
C:\Users\ahmoh\OneDrive - Egyptian Ministry of Education\الكلية\3\2\task\C++\Final Project\Ehsan_New\Ehsan\Connection.h(383,30): warning C4566: character represented by universal-character-name '\u062A' cannot be represented in the current code page (1252)
  (compiling source file 'AddCaseForm.cpp')
  
C:\Users\ahmoh\OneDrive - Egyptian Ministry of Education\الكلية\3\2\task\C++\Final Project\Ehsan_New\Ehsan\Connection.h(383,30): warning C4566: character represented by universal-character-name '\u064A' cannot be represented in the current code page (1252)
  (compiling source file 'AddCaseForm.cpp')
  
C:\Users\ahmoh\OneDrive - Egyptian Ministry of Education\الكلية\3\2\task\C++\Final Project\Ehsan_New\Ehsan\Connection.h(383,30): warning C4566: character represented by universal-character-name '\u0629' cannot be represented in the current code page (1252)
  (compiling source file 'AddCaseForm.cpp')
  
C:\Users\ahmoh\OneDrive - Egyptian Ministry of Education\الكلية\3\2\task\C++\Final Project\Ehsan_New\Ehsan\Connection.h(383,115): warning C4566: character represented by universal-character-name '\u062E' cannot be represented in the current code page (1252)
  (compiling source file 'AddCaseForm.cpp')
  
C:\Users\ahmoh\OneDrive - Egyptian Ministry of Education\الكلية\3\2\task\C++\Final Project\Ehsan_New\Ehsan\Connection.h(383,115): warning C4566: character represented by universal-character-name '\u0637' cannot be represented in the current code page (1252)
  (compiling source file 'AddCaseForm.cpp')
  
C:\Users\ahmoh\OneDrive - Egyptian Ministry of Education\الكلية\3\2\task\C++\Final Project\Ehsan_New\Ehsan\Connection.h(383,115): warning C4566: character represented by universal-character-name '\u0623' cannot be represented in the current code page (1252)
  (compiling source file 'AddCaseForm.cpp')
  
C:\Users\ahmoh\OneDrive - Egyptian Ministry of Education\الكلية\3\2\task\C++\Final Project\Ehsan_New\Ehsan\Connection.h(448,30): warning C4566: character represented by universal-character-name '\u062D' cannot be represented in the current code page (1252)
  (compiling source file 'AddCaseForm.cpp')
  
C:\Users\ahmoh\OneDrive - Egyptian Ministry of Education\الكلية\3\2\task\C++\Final Project\Ehsan_New\Ehsan\Connection.h(448,30): warning C4566: character represented by universal-character-name '\u062F' cannot be represented in the current code page (1252)
  (compiling source file 'AddCaseForm.cpp')
  
C:\Users\ahmoh\OneDrive - Egyptian Ministry of Education\الكلية\3\2\task\C++\Final Project\Ehsan_New\Ehsan\Connection.h(448,30): warning C4566: character represented by universal-character-name '\u062B' cannot be represented in the current code page (1252)
  (compiling source file 'AddCaseForm.cpp')
  
C:\Users\ahmoh\OneDrive - Egyptian Ministry of Education\الكلية\3\2\task\C++\Final Project\Ehsan_New\Ehsan\Connection.h(448,30): warning C4566: character represented by universal-character-name '\u062E' cannot be represented in the current code page (1252)
  (compiling source file 'AddCaseForm.cpp')
  
C:\Users\ahmoh\OneDrive - Egyptian Ministry of Education\الكلية\3\2\task\C++\Final Project\Ehsan_New\Ehsan\Connection.h(448,30): warning C4566: character represented by universal-character-name '\u0637' cannot be represented in the current code page (1252)
  (compiling source file 'AddCaseForm.cpp')
  
C:\Users\ahmoh\OneDrive - Egyptian Ministry of Education\الكلية\3\2\task\C++\Final Project\Ehsan_New\Ehsan\Connection.h(448,30): warning C4566: character represented by universal-character-name '\u0623' cannot be represented in the current code page (1252)
  (compiling source file 'AddCaseForm.cpp')
  
C:\Users\ahmoh\OneDrive - Egyptian Ministry of Education\الكلية\3\2\task\C++\Final Project\Ehsan_New\Ehsan\Connection.h(448,30): warning C4566: character represented by universal-character-name '\u0646' cannot be represented in the current code page (1252)
  (compiling source file 'AddCaseForm.cpp')
  
C:\Users\ahmoh\OneDrive - Egyptian Ministry of Education\الكلية\3\2\task\C++\Final Project\Ehsan_New\Ehsan\Connection.h(448,30): warning C4566: character represented by universal-character-name '\u0627' cannot be represented in the current code page (1252)
  (compiling source file 'AddCaseForm.cpp')
  
C:\Users\ahmoh\OneDrive - Egyptian Ministry of Education\الكلية\3\2\task\C++\Final Project\Ehsan_New\Ehsan\Connection.h(448,30): warning C4566: character represented by universal-character-name '\u0621' cannot be represented in the current code page (1252)
  (compiling source file 'AddCaseForm.cpp')
  
C:\Users\ahmoh\OneDrive - Egyptian Ministry of Education\الكلية\3\2\task\C++\Final Project\Ehsan_New\Ehsan\Connection.h(448,30): warning C4566: character represented by universal-character-name '\u062C' cannot be represented in the current code page (1252)
  (compiling source file 'AddCaseForm.cpp')
  
C:\Users\ahmoh\OneDrive - Egyptian Ministry of Education\الكلية\3\2\task\C++\Final Project\Ehsan_New\Ehsan\Connection.h(448,30): warning C4566: character represented by universal-character-name '\u0644' cannot be represented in the current code page (1252)
  (compiling source file 'AddCaseForm.cpp')
  
C:\Users\ahmoh\OneDrive - Egyptian Ministry of Education\الكلية\3\2\task\C++\Final Project\Ehsan_New\Ehsan\Connection.h(448,30): warning C4566: character represented by universal-character-name '\u0628' cannot be represented in the current code page (1252)
  (compiling source file 'AddCaseForm.cpp')
  
C:\Users\ahmoh\OneDrive - Egyptian Ministry of Education\الكلية\3\2\task\C++\Final Project\Ehsan_New\Ehsan\Connection.h(448,30): warning C4566: character represented by universal-character-name '\u0645' cannot be represented in the current code page (1252)
  (compiling source file 'AddCaseForm.cpp')
  
C:\Users\ahmoh\OneDrive - Egyptian Ministry of Education\الكلية\3\2\task\C++\Final Project\Ehsan_New\Ehsan\Connection.h(448,30): warning C4566: character represented by universal-character-name '\u0633' cannot be represented in the current code page (1252)
  (compiling source file 'AddCaseForm.cpp')
  
C:\Users\ahmoh\OneDrive - Egyptian Ministry of Education\الكلية\3\2\task\C++\Final Project\Ehsan_New\Ehsan\Connection.h(448,30): warning C4566: character represented by universal-character-name '\u0639' cannot be represented in the current code page (1252)
  (compiling source file 'AddCaseForm.cpp')
  
C:\Users\ahmoh\OneDrive - Egyptian Ministry of Education\الكلية\3\2\task\C++\Final Project\Ehsan_New\Ehsan\Connection.h(448,30): warning C4566: character represented by universal-character-name '\u062A' cannot be represented in the current code page (1252)
  (compiling source file 'AddCaseForm.cpp')
  
C:\Users\ahmoh\OneDrive - Egyptian Ministry of Education\الكلية\3\2\task\C++\Final Project\Ehsan_New\Ehsan\Connection.h(448,30): warning C4566: character represented by universal-character-name '\u064A' cannot be represented in the current code page (1252)
  (compiling source file 'AddCaseForm.cpp')
  
C:\Users\ahmoh\OneDrive - Egyptian Ministry of Education\الكلية\3\2\task\C++\Final Project\Ehsan_New\Ehsan\Connection.h(448,30): warning C4566: character represented by universal-character-name '\u0629' cannot be represented in the current code page (1252)
  (compiling source file 'AddCaseForm.cpp')
  
C:\Users\ahmoh\OneDrive - Egyptian Ministry of Education\الكلية\3\2\task\C++\Final Project\Ehsan_New\Ehsan\Connection.h(448,115): warning C4566: character represented by universal-character-name '\u062E' cannot be represented in the current code page (1252)
  (compiling source file 'AddCaseForm.cpp')
  
C:\Users\ahmoh\OneDrive - Egyptian Ministry of Education\الكلية\3\2\task\C++\Final Project\Ehsan_New\Ehsan\Connection.h(448,115): warning C4566: character represented by universal-character-name '\u0637' cannot be represented in the current code page (1252)
  (compiling source file 'AddCaseForm.cpp')
  
C:\Users\ahmoh\OneDrive - Egyptian Ministry of Education\الكلية\3\2\task\C++\Final Project\Ehsan_New\Ehsan\Connection.h(448,115): warning C4566: character represented by universal-character-name '\u0623' cannot be represented in the current code page (1252)
  (compiling source file 'AddCaseForm.cpp')
  
C:\Users\ahmoh\OneDrive - Egyptian Ministry of Education\الكلية\3\2\task\C++\Final Project\Ehsan_New\Ehsan\Connection.h(471,30): warning C4566: character represented by universal-character-name '\u0634' cannot be represented in the current code page (1252)
  (compiling source file 'AddCaseForm.cpp')
  
C:\Users\ahmoh\OneDrive - Egyptian Ministry of Education\الكلية\3\2\task\C++\Final Project\Ehsan_New\Ehsan\Connection.h(471,30): warning C4566: character represented by universal-character-name '\u0647' cannot be represented in the current code page (1252)
  (compiling source file 'AddCaseForm.cpp')
  
C:\Users\ahmoh\OneDrive - Egyptian Ministry of Education\الكلية\3\2\task\C++\Final Project\Ehsan_New\Ehsan\Connection.h(471,30): warning C4566: character represented by universal-character-name '\u0631' cannot be represented in the current code page (1252)
  (compiling source file 'AddCaseForm.cpp')
  
C:\Users\ahmoh\OneDrive - Egyptian Ministry of Education\الكلية\3\2\task\C++\Final Project\Ehsan_New\Ehsan\Connection.h(471,30): warning C4566: character represented by universal-character-name '\u064A' cannot be represented in the current code page (1252)
  (compiling source file 'AddCaseForm.cpp')
  
C:\Users\ahmoh\OneDrive - Egyptian Ministry of Education\الكلية\3\2\task\C++\Final Project\Ehsan_New\Ehsan\Connection.h(471,30): warning C4566: character represented by universal-character-name '\u0627' cannot be represented in the current code page (1252)
  (compiling source file 'AddCaseForm.cpp')
  
C:\Users\ahmoh\OneDrive - Egyptian Ministry of Education\الكلية\3\2\task\C++\Final Project\Ehsan_New\Ehsan\Connection.h(471,30): warning C4566: character represented by universal-character-name '\u064B' cannot be represented in the current code page (1252)
  (compiling source file 'AddCaseForm.cpp')
  
C:\Users\ahmoh\OneDrive - Egyptian Ministry of Education\الكلية\3\2\task\C++\Final Project\Ehsan_New\Ehsan\Connection.h(473,35): warning C4566: character represented by universal-character-name '\u0623' cannot be represented in the current code page (1252)
  (compiling source file 'AddCaseForm.cpp')
  
C:\Users\ahmoh\OneDrive - Egyptian Ministry of Education\الكلية\3\2\task\C++\Final Project\Ehsan_New\Ehsan\Connection.h(473,35): warning C4566: character represented by universal-character-name '\u0633' cannot be represented in the current code page (1252)
  (compiling source file 'AddCaseForm.cpp')
  
C:\Users\ahmoh\OneDrive - Egyptian Ministry of Education\الكلية\3\2\task\C++\Final Project\Ehsan_New\Ehsan\Connection.h(473,35): warning C4566: character represented by universal-character-name '\u0628' cannot be represented in the current code page (1252)
  (compiling source file 'AddCaseForm.cpp')
  
C:\Users\ahmoh\OneDrive - Egyptian Ministry of Education\الكلية\3\2\task\C++\Final Project\Ehsan_New\Ehsan\Connection.h(473,35): warning C4566: character represented by universal-character-name '\u0648' cannot be represented in the current code page (1252)
  (compiling source file 'AddCaseForm.cpp')
  
C:\Users\ahmoh\OneDrive - Egyptian Ministry of Education\الكلية\3\2\task\C++\Final Project\Ehsan_New\Ehsan\Connection.h(473,35): warning C4566: character represented by universal-character-name '\u0639' cannot be represented in the current code page (1252)
  (compiling source file 'AddCaseForm.cpp')
  
C:\Users\ahmoh\OneDrive - Egyptian Ministry of Education\الكلية\3\2\task\C++\Final Project\Ehsan_New\Ehsan\Connection.h(473,35): warning C4566: character represented by universal-character-name '\u064A' cannot be represented in the current code page (1252)
  (compiling source file 'AddCaseForm.cpp')
  
C:\Users\ahmoh\OneDrive - Egyptian Ministry of Education\الكلية\3\2\task\C++\Final Project\Ehsan_New\Ehsan\Connection.h(473,35): warning C4566: character represented by universal-character-name '\u0627' cannot be represented in the current code page (1252)
  (compiling source file 'AddCaseForm.cpp')
  
C:\Users\ahmoh\OneDrive - Egyptian Ministry of Education\الكلية\3\2\task\C++\Final Project\Ehsan_New\Ehsan\Connection.h(473,35): warning C4566: character represented by universal-character-name '\u064B' cannot be represented in the current code page (1252)
  (compiling source file 'AddCaseForm.cpp')
  
C:\Users\ahmoh\OneDrive - Egyptian Ministry of Education\الكلية\3\2\task\C++\Final Project\Ehsan_New\Ehsan\Connection.h(475,35): warning C4566: character represented by universal-character-name '\u0633' cannot be represented in the current code page (1252)
  (compiling source file 'AddCaseForm.cpp')
  
C:\Users\ahmoh\OneDrive - Egyptian Ministry of Education\الكلية\3\2\task\C++\Final Project\Ehsan_New\Ehsan\Connection.h(475,35): warning C4566: character represented by universal-character-name '\u0646' cannot be represented in the current code page (1252)
  (compiling source file 'AddCaseForm.cpp')
  
C:\Users\ahmoh\OneDrive - Egyptian Ministry of Education\الكلية\3\2\task\C++\Final Project\Ehsan_New\Ehsan\Connection.h(475,35): warning C4566: character represented by universal-character-name '\u0648' cannot be represented in the current code page (1252)
  (compiling source file 'AddCaseForm.cpp')
  
C:\Users\ahmoh\OneDrive - Egyptian Ministry of Education\الكلية\3\2\task\C++\Final Project\Ehsan_New\Ehsan\Connection.h(475,35): warning C4566: character represented by universal-character-name '\u064A' cannot be represented in the current code page (1252)
  (compiling source file 'AddCaseForm.cpp')
  
C:\Users\ahmoh\OneDrive - Egyptian Ministry of Education\الكلية\3\2\task\C++\Final Project\Ehsan_New\Ehsan\Connection.h(475,35): warning C4566: character represented by universal-character-name '\u0627' cannot be represented in the current code page (1252)
  (compiling source file 'AddCaseForm.cpp')
  
C:\Users\ahmoh\OneDrive - Egyptian Ministry of Education\الكلية\3\2\task\C++\Final Project\Ehsan_New\Ehsan\Connection.h(475,35): warning C4566: character represented by universal-character-name '\u064B' cannot be represented in the current code page (1252)
  (compiling source file 'AddCaseForm.cpp')
  
C:\Users\ahmoh\OneDrive - Egyptian Ministry of Education\الكلية\3\2\task\C++\Final Project\Ehsan_New\Ehsan\Connection.h(477,35): warning C4566: character represented by universal-character-name '\u064A' cannot be represented in the current code page (1252)
  (compiling source file 'AddCaseForm.cpp')
  
C:\Users\ahmoh\OneDrive - Egyptian Ministry of Education\الكلية\3\2\task\C++\Final Project\Ehsan_New\Ehsan\Connection.h(477,35): warning C4566: character represented by universal-character-name '\u0648' cannot be represented in the current code page (1252)
  (compiling source file 'AddCaseForm.cpp')
  
C:\Users\ahmoh\OneDrive - Egyptian Ministry of Education\الكلية\3\2\task\C++\Final Project\Ehsan_New\Ehsan\Connection.h(477,35): warning C4566: character represented by universal-character-name '\u0645' cannot be represented in the current code page (1252)
  (compiling source file 'AddCaseForm.cpp')
  
C:\Users\ahmoh\OneDrive - Egyptian Ministry of Education\الكلية\3\2\task\C++\Final Project\Ehsan_New\Ehsan\Connection.h(477,35): warning C4566: character represented by universal-character-name '\u0627' cannot be represented in the current code page (1252)
  (compiling source file 'AddCaseForm.cpp')
  
C:\Users\ahmoh\OneDrive - Egyptian Ministry of Education\الكلية\3\2\task\C++\Final Project\Ehsan_New\Ehsan\Connection.h(477,35): warning C4566: character represented by universal-character-name '\u064B' cannot be represented in the current code page (1252)
  (compiling source file 'AddCaseForm.cpp')
  
C:\Users\ahmoh\OneDrive - Egyptian Ministry of Education\الكلية\3\2\task\C++\Final Project\Ehsan_New\Ehsan\Connection.h(490,54): warning C4566: character represented by universal-character-name '\u062E' cannot be represented in the current code page (1252)
  (compiling source file 'AddCaseForm.cpp')
  
C:\Users\ahmoh\OneDrive - Egyptian Ministry of Education\الكلية\3\2\task\C++\Final Project\Ehsan_New\Ehsan\Connection.h(490,54): warning C4566: character represented by universal-character-name '\u0637' cannot be represented in the current code page (1252)
  (compiling source file 'AddCaseForm.cpp')
  
C:\Users\ahmoh\OneDrive - Egyptian Ministry of Education\الكلية\3\2\task\C++\Final Project\Ehsan_New\Ehsan\Connection.h(490,54): warning C4566: character represented by universal-character-name '\u0623' cannot be represented in the current code page (1252)
  (compiling source file 'AddCaseForm.cpp')
  
C:\Users\ahmoh\OneDrive - Egyptian Ministry of Education\الكلية\3\2\task\C++\Final Project\Ehsan_New\Ehsan\Connection.h(500,50): warning C4566: character represented by universal-character-name '\u062E' cannot be represented in the current code page (1252)
  (compiling source file 'AddCaseForm.cpp')
  
C:\Users\ahmoh\OneDrive - Egyptian Ministry of Education\الكلية\3\2\task\C++\Final Project\Ehsan_New\Ehsan\Connection.h(500,50): warning C4566: character represented by universal-character-name '\u0637' cannot be represented in the current code page (1252)
  (compiling source file 'AddCaseForm.cpp')
  
C:\Users\ahmoh\OneDrive - Egyptian Ministry of Education\الكلية\3\2\task\C++\Final Project\Ehsan_New\Ehsan\Connection.h(500,50): warning C4566: character represented by universal-character-name '\u0623' cannot be represented in the current code page (1252)
  (compiling source file 'AddCaseForm.cpp')
  
C:\Users\ahmoh\OneDrive - Egyptian Ministry of Education\الكلية\3\2\task\C++\Final Project\Ehsan_New\Ehsan\Connection.h(522,30): warning C4566: character represented by universal-character-name '\u0634' cannot be represented in the current code page (1252)
  (compiling source file 'AddCaseForm.cpp')
  
C:\Users\ahmoh\OneDrive - Egyptian Ministry of Education\الكلية\3\2\task\C++\Final Project\Ehsan_New\Ehsan\Connection.h(522,30): warning C4566: character represented by universal-character-name '\u0647' cannot be represented in the current code page (1252)
  (compiling source file 'AddCaseForm.cpp')
  
C:\Users\ahmoh\OneDrive - Egyptian Ministry of Education\الكلية\3\2\task\C++\Final Project\Ehsan_New\Ehsan\Connection.h(522,30): warning C4566: character represented by universal-character-name '\u0631' cannot be represented in the current code page (1252)
  (compiling source file 'AddCaseForm.cpp')
  
C:\Users\ahmoh\OneDrive - Egyptian Ministry of Education\الكلية\3\2\task\C++\Final Project\Ehsan_New\Ehsan\Connection.h(522,30): warning C4566: character represented by universal-character-name '\u064A' cannot be represented in the current code page (1252)
  (compiling source file 'AddCaseForm.cpp')
  
C:\Users\ahmoh\OneDrive - Egyptian Ministry of Education\الكلية\3\2\task\C++\Final Project\Ehsan_New\Ehsan\Connection.h(522,30): warning C4566: character represented by universal-character-name '\u0627' cannot be represented in the current code page (1252)
  (compiling source file 'AddCaseForm.cpp')
  
C:\Users\ahmoh\OneDrive - Egyptian Ministry of Education\الكلية\3\2\task\C++\Final Project\Ehsan_New\Ehsan\Connection.h(522,30): warning C4566: character represented by universal-character-name '\u064B' cannot be represented in the current code page (1252)
  (compiling source file 'AddCaseForm.cpp')
  
C:\Users\ahmoh\OneDrive - Egyptian Ministry of Education\الكلية\3\2\task\C++\Final Project\Ehsan_New\Ehsan\Connection.h(524,35): warning C4566: character represented by universal-character-name '\u0623' cannot be represented in the current code page (1252)
  (compiling source file 'AddCaseForm.cpp')
  
C:\Users\ahmoh\OneDrive - Egyptian Ministry of Education\الكلية\3\2\task\C++\Final Project\Ehsan_New\Ehsan\Connection.h(524,35): warning C4566: character represented by universal-character-name '\u0633' cannot be represented in the current code page (1252)
  (compiling source file 'AddCaseForm.cpp')
  
C:\Users\ahmoh\OneDrive - Egyptian Ministry of Education\الكلية\3\2\task\C++\Final Project\Ehsan_New\Ehsan\Connection.h(524,35): warning C4566: character represented by universal-character-name '\u0628' cannot be represented in the current code page (1252)
  (compiling source file 'AddCaseForm.cpp')
  
C:\Users\ahmoh\OneDrive - Egyptian Ministry of Education\الكلية\3\2\task\C++\Final Project\Ehsan_New\Ehsan\Connection.h(524,35): warning C4566: character represented by universal-character-name '\u0648' cannot be represented in the current code page (1252)
  (compiling source file 'AddCaseForm.cpp')
  
C:\Users\ahmoh\OneDrive - Egyptian Ministry of Education\الكلية\3\2\task\C++\Final Project\Ehsan_New\Ehsan\Connection.h(524,35): warning C4566: character represented by universal-character-name '\u0639' cannot be represented in the current code page (1252)
  (compiling source file 'AddCaseForm.cpp')
  
C:\Users\ahmoh\OneDrive - Egyptian Ministry of Education\الكلية\3\2\task\C++\Final Project\Ehsan_New\Ehsan\Connection.h(524,35): warning C4566: character represented by universal-character-name '\u064A' cannot be represented in the current code page (1252)
  (compiling source file 'AddCaseForm.cpp')
  
C:\Users\ahmoh\OneDrive - Egyptian Ministry of Education\الكلية\3\2\task\C++\Final Project\Ehsan_New\Ehsan\Connection.h(524,35): warning C4566: character represented by universal-character-name '\u0627' cannot be represented in the current code page (1252)
  (compiling source file 'AddCaseForm.cpp')
  
C:\Users\ahmoh\OneDrive - Egyptian Ministry of Education\الكلية\3\2\task\C++\Final Project\Ehsan_New\Ehsan\Connection.h(524,35): warning C4566: character represented by universal-character-name '\u064B' cannot be represented in the current code page (1252)
  (compiling source file 'AddCaseForm.cpp')
  
C:\Users\ahmoh\OneDrive - Egyptian Ministry of Education\الكلية\3\2\task\C++\Final Project\Ehsan_New\Ehsan\Connection.h(526,35): warning C4566: character represented by universal-character-name '\u0633' cannot be represented in the current code page (1252)
  (compiling source file 'AddCaseForm.cpp')
  
C:\Users\ahmoh\OneDrive - Egyptian Ministry of Education\الكلية\3\2\task\C++\Final Project\Ehsan_New\Ehsan\Connection.h(526,35): warning C4566: character represented by universal-character-name '\u0646' cannot be represented in the current code page (1252)
  (compiling source file 'AddCaseForm.cpp')
  
C:\Users\ahmoh\OneDrive - Egyptian Ministry of Education\الكلية\3\2\task\C++\Final Project\Ehsan_New\Ehsan\Connection.h(526,35): warning C4566: character represented by universal-character-name '\u0648' cannot be represented in the current code page (1252)
  (compiling source file 'AddCaseForm.cpp')
  
C:\Users\ahmoh\OneDrive - Egyptian Ministry of Education\الكلية\3\2\task\C++\Final Project\Ehsan_New\Ehsan\Connection.h(526,35): warning C4566: character represented by universal-character-name '\u064A' cannot be represented in the current code page (1252)
  (compiling source file 'AddCaseForm.cpp')
  
C:\Users\ahmoh\OneDrive - Egyptian Ministry of Education\الكلية\3\2\task\C++\Final Project\Ehsan_New\Ehsan\Connection.h(526,35): warning C4566: character represented by universal-character-name '\u0627' cannot be represented in the current code page (1252)
  (compiling source file 'AddCaseForm.cpp')
  
C:\Users\ahmoh\OneDrive - Egyptian Ministry of Education\الكلية\3\2\task\C++\Final Project\Ehsan_New\Ehsan\Connection.h(526,35): warning C4566: character represented by universal-character-name '\u064B' cannot be represented in the current code page (1252)
  (compiling source file 'AddCaseForm.cpp')
  
C:\Users\ahmoh\OneDrive - Egyptian Ministry of Education\الكلية\3\2\task\C++\Final Project\Ehsan_New\Ehsan\Connection.h(528,35): warning C4566: character represented by universal-character-name '\u064A' cannot be represented in the current code page (1252)
  (compiling source file 'AddCaseForm.cpp')
  
C:\Users\ahmoh\OneDrive - Egyptian Ministry of Education\الكلية\3\2\task\C++\Final Project\Ehsan_New\Ehsan\Connection.h(528,35): warning C4566: character represented by universal-character-name '\u0648' cannot be represented in the current code page (1252)
  (compiling source file 'AddCaseForm.cpp')
  
C:\Users\ahmoh\OneDrive - Egyptian Ministry of Education\الكلية\3\2\task\C++\Final Project\Ehsan_New\Ehsan\Connection.h(528,35): warning C4566: character represented by universal-character-name '\u0645' cannot be represented in the current code page (1252)
  (compiling source file 'AddCaseForm.cpp')
  
C:\Users\ahmoh\OneDrive - Egyptian Ministry of Education\الكلية\3\2\task\C++\Final Project\Ehsan_New\Ehsan\Connection.h(528,35): warning C4566: character represented by universal-character-name '\u0627' cannot be represented in the current code page (1252)
  (compiling source file 'AddCaseForm.cpp')
  
C:\Users\ahmoh\OneDrive - Egyptian Ministry of Education\الكلية\3\2\task\C++\Final Project\Ehsan_New\Ehsan\Connection.h(528,35): warning C4566: character represented by universal-character-name '\u064B' cannot be represented in the current code page (1252)
  (compiling source file 'AddCaseForm.cpp')
  
C:\Users\ahmoh\OneDrive - Egyptian Ministry of Education\الكلية\3\2\task\C++\Final Project\Ehsan_New\Ehsan\Connection.h(541,54): warning C4566: character represented by universal-character-name '\u062E' cannot be represented in the current code page (1252)
  (compiling source file 'AddCaseForm.cpp')
  
C:\Users\ahmoh\OneDrive - Egyptian Ministry of Education\الكلية\3\2\task\C++\Final Project\Ehsan_New\Ehsan\Connection.h(541,54): warning C4566: character represented by universal-character-name '\u0637' cannot be represented in the current code page (1252)
  (compiling source file 'AddCaseForm.cpp')
  
C:\Users\ahmoh\OneDrive - Egyptian Ministry of Education\الكلية\3\2\task\C++\Final Project\Ehsan_New\Ehsan\Connection.h(541,54): warning C4566: character represented by universal-character-name '\u0623' cannot be represented in the current code page (1252)
  (compiling source file 'AddCaseForm.cpp')
  
C:\Users\ahmoh\OneDrive - Egyptian Ministry of Education\الكلية\3\2\task\C++\Final Project\Ehsan_New\Ehsan\Connection.h(551,50): warning C4566: character represented by universal-character-name '\u062E' cannot be represented in the current code page (1252)
  (compiling source file 'AddCaseForm.cpp')
  
C:\Users\ahmoh\OneDrive - Egyptian Ministry of Education\الكلية\3\2\task\C++\Final Project\Ehsan_New\Ehsan\Connection.h(551,50): warning C4566: character represented by universal-character-name '\u0637' cannot be represented in the current code page (1252)
  (compiling source file 'AddCaseForm.cpp')
  
C:\Users\ahmoh\OneDrive - Egyptian Ministry of Education\الكلية\3\2\task\C++\Final Project\Ehsan_New\Ehsan\Connection.h(551,50): warning C4566: character represented by universal-character-name '\u0623' cannot be represented in the current code page (1252)
  (compiling source file 'AddCaseForm.cpp')
  
  AddCaseForm.obj : MSIL module encountered; incremental linking is disabled for MSIL; performing full link
  Ehsan.vcxproj -> C:\Users\ahmoh\OneDrive - Egyptian Ministry of Education\الكلية\3\2\task\C++\Final Project\Ehsan_New\x64\Debug\Ehsan.exe
